EDA Netlist Writer report for datapathc
Wed Nov 27 09:12:09 2019
Quartus Prime Version 16.0.0 Build 211 04/27/2016 SJ Lite Edition


---------------------
; Table of Contents ;
---------------------
  1. Legal Notice
  2. EDA Netlist Writer Summary
  3. Simulation Settings
  4. Simulation Generated Files
  5. EDA Netlist Writer Messages



----------------
; Legal Notice ;
----------------
Copyright (C) 1991-2016 Altera Corporation. All rights reserved.
Your use of Altera Corporation's design tools, logic functions 
and other software and tools, and its AMPP partner logic 
functions, and any output files from any of the foregoing 
(including device programming or simulation files), and any 
associated documentation or information are expressly subject 
to the terms and conditions of the Altera Program License 
Subscription Agreement, the Altera Quartus Prime License Agreement,
the Altera MegaCore Function License Agreement, or other 
applicable license agreement, including, without limitation, 
that your use is for the sole purpose of programming logic 
devices manufactured by Altera and sold by Altera or its 
authorized distributors.  Please refer to the applicable 
agreement for further details.



+-------------------------------------------------------------------+
; EDA Netlist Writer Summary                                        ;
+---------------------------+---------------------------------------+
; EDA Netlist Writer Status ; Successful - Wed Nov 27 09:12:09 2019 ;
; Revision Name             ; datapathc                             ;
; Top-level Entity Name     ; datapathc                             ;
; Family                    ; Cyclone IV E                          ;
; Simulation Files Creation ; Successful                            ;
+---------------------------+---------------------------------------+


+----------------------------------------------------------------------------------------------------------------------------+
; Simulation Settings                                                                                                        ;
+---------------------------------------------------------------------------------------------------+------------------------+
; Option                                                                                            ; Setting                ;
+---------------------------------------------------------------------------------------------------+------------------------+
; Tool Name                                                                                         ; ModelSim-Altera (VHDL) ;
; Generate functional simulation netlist                                                            ; Off                    ;
; Time scale                                                                                        ; 1 ps                   ;
; Truncate long hierarchy paths                                                                     ; Off                    ;
; Map illegal HDL characters                                                                        ; Off                    ;
; Flatten buses into individual nodes                                                               ; Off                    ;
; Maintain hierarchy                                                                                ; Off                    ;
; Bring out device-wide set/reset signals as ports                                                  ; Off                    ;
; Enable glitch filtering                                                                           ; Off                    ;
; Do not write top level VHDL entity                                                                ; Off                    ;
; Disable detection of setup and hold time violations in the input registers of bi-directional pins ; Off                    ;
; Architecture name in VHDL output netlist                                                          ; structure              ;
; Generate third-party EDA tool command script for RTL functional simulation                        ; Off                    ;
; Generate third-party EDA tool command script for gate-level simulation                            ; Off                    ;
+---------------------------------------------------------------------------------------------------+------------------------+


+-----------------------------------------------------------------------------------------------+
; Simulation Generated Files                                                                    ;
+-----------------------------------------------------------------------------------------------+
; Generated Files                                                                               ;
+-----------------------------------------------------------------------------------------------+
; /media/sf_karanchate/Downloads/PMIST/simulation/modelsim/datapathc_6_1200mv_85c_slow.vho      ;
; /media/sf_karanchate/Downloads/PMIST/simulation/modelsim/datapathc_6_1200mv_0c_slow.vho       ;
; /media/sf_karanchate/Downloads/PMIST/simulation/modelsim/datapathc_min_1200mv_0c_fast.vho     ;
; /media/sf_karanchate/Downloads/PMIST/simulation/modelsim/datapathc.vho                        ;
; /media/sf_karanchate/Downloads/PMIST/simulation/modelsim/datapathc_6_1200mv_85c_vhd_slow.sdo  ;
; /media/sf_karanchate/Downloads/PMIST/simulation/modelsim/datapathc_6_1200mv_0c_vhd_slow.sdo   ;
; /media/sf_karanchate/Downloads/PMIST/simulation/modelsim/datapathc_min_1200mv_0c_vhd_fast.sdo ;
; /media/sf_karanchate/Downloads/PMIST/simulation/modelsim/datapathc_vhd.sdo                    ;
+-----------------------------------------------------------------------------------------------+


+-----------------------------+
; EDA Netlist Writer Messages ;
+-----------------------------+
Info: *******************************************************************
Info: Running Quartus Prime EDA Netlist Writer
    Info: Version 16.0.0 Build 211 04/27/2016 SJ Lite Edition
    Info: Processing started: Wed Nov 27 09:11:55 2019
Info: Command: quartus_eda --read_settings_files=off --write_settings_files=off finalPMIST -c datapathc
Warning (18236): Number of processors has not been specified which may cause overloading on shared machines.  Set the global assignment NUM_PARALLEL_PROCESSORS in your QSF to an appropriate value for best performance.
Info (204019): Generated file datapathc_6_1200mv_85c_slow.vho in folder "/media/sf_karanchate/Downloads/PMIST/simulation/modelsim/" for EDA simulation tool
Info (204019): Generated file datapathc_6_1200mv_0c_slow.vho in folder "/media/sf_karanchate/Downloads/PMIST/simulation/modelsim/" for EDA simulation tool
Info (204019): Generated file datapathc_min_1200mv_0c_fast.vho in folder "/media/sf_karanchate/Downloads/PMIST/simulation/modelsim/" for EDA simulation tool
Info (204019): Generated file datapathc.vho in folder "/media/sf_karanchate/Downloads/PMIST/simulation/modelsim/" for EDA simulation tool
Info (204019): Generated file datapathc_6_1200mv_85c_vhd_slow.sdo in folder "/media/sf_karanchate/Downloads/PMIST/simulation/modelsim/" for EDA simulation tool
Info (204019): Generated file datapathc_6_1200mv_0c_vhd_slow.sdo in folder "/media/sf_karanchate/Downloads/PMIST/simulation/modelsim/" for EDA simulation tool
Info (204019): Generated file datapathc_min_1200mv_0c_vhd_fast.sdo in folder "/media/sf_karanchate/Downloads/PMIST/simulation/modelsim/" for EDA simulation tool
Info (204019): Generated file datapathc_vhd.sdo in folder "/media/sf_karanchate/Downloads/PMIST/simulation/modelsim/" for EDA simulation tool
Info: Quartus Prime EDA Netlist Writer was successful. 0 errors, 1 warning
    Info: Peak virtual memory: 1380 megabytes
    Info: Processing ended: Wed Nov 27 09:12:09 2019
    Info: Elapsed time: 00:00:14
    Info: Total CPU time (on all processors): 00:00:11


